Release 14.7 Xflow P.20131013 (nt64)
Copyright (c) 1995-2013 Xilinx, Inc.  All rights reserved.
xflow.exe -wd implementation -p xc6slx9csg324-2 -implement xflow.opt
ethernet.ngc  
PMSPEC -- Overriding Xilinx file
<C:/Xilinx/14.7/ISE_DS/EDK/spartan6/data/spartan6.acd> with local file
<C:/Xilinx/14.7/ISE_DS/ISE/spartan6/data/spartan6.acd>

Using Flow File: C:/Users/Pc/Documents/VHDL/ethernet/implementation/fpga.flw 
Using Option File(s): 
 C:/Users/Pc/Documents/VHDL/ethernet/implementation/xflow.opt 

Creating Script File ... 

#----------------------------------------------#
# Starting program ngdbuild
# ngdbuild -p xc6slx9csg324-2 -nt timestamp -bm ethernet.bmm
"C:/Users/Pc/Documents/VHDL/ethernet/implementation/ethernet.ngc" -uc
ethernet.ucf ethernet.ngd 
#----------------------------------------------#
Release 14.7 - ngdbuild P.20131013 (nt64)
Copyright (c) 1995-2013 Xilinx, Inc.  All rights reserved.
PMSPEC -- Overriding Xilinx file
<C:/Xilinx/14.7/ISE_DS/EDK/spartan6/data/spartan6.acd> with local file
<C:/Xilinx/14.7/ISE_DS/ISE/spartan6/data/spartan6.acd>

Command Line: C:\Xilinx\14.7\ISE_DS\ISE\bin\nt64\unwrapped\ngdbuild.exe -p
xc6slx9csg324-2 -nt timestamp -bm ethernet.bmm
C:/Users/Pc/Documents/VHDL/ethernet/implementation/ethernet.ngc -uc ethernet.ucf
ethernet.ngd

Reading NGO file
"C:/Users/Pc/Documents/VHDL/ethernet/implementation/ethernet.ngc" ...
Loading design module
"C:/Users/Pc/Documents/VHDL/ethernet/implementation/ethernet_ethernet_mac_wrappe
r.ngc"...
Loading design module
"C:/Users/Pc/Documents/VHDL/ethernet/implementation/ethernet_usb_uart_wrapper.ng
c"...
Loading design module
"C:/Users/Pc/Documents/VHDL/ethernet/implementation/ethernet_proc_sys_reset_0_wr
apper.ngc"...
Loading design module
"C:/Users/Pc/Documents/VHDL/ethernet/implementation/ethernet_clock_generator_0_w
rapper.ngc"...
Loading design module
"C:/Users/Pc/Documents/VHDL/ethernet/implementation/ethernet_microblaze_0_ilmb_w
rapper.ngc"...
Loading design module
"C:/Users/Pc/Documents/VHDL/ethernet/implementation/ethernet_microblaze_0_dlmb_w
rapper.ngc"...
Loading design module
"C:/Users/Pc/Documents/VHDL/ethernet/implementation/ethernet_mcb3_lpddr_wrapper.
ngc"...
Loading design module
"C:/Users/Pc/Documents/VHDL/ethernet/implementation/ethernet_axi4lite_0_wrapper.
ngc"...
Loading design module
"C:/Users/Pc/Documents/VHDL/ethernet/implementation/ethernet_axi4_0_wrapper.ngc"
...
Loading design module
"C:/Users/Pc/Documents/VHDL/ethernet/implementation/ethernet_microblaze_0_wrappe
r.ngc"...
Loading design module
"C:/Users/Pc/Documents/VHDL/ethernet/implementation/ethernet_microblaze_0_intc_w
rapper.ngc"...
Loading design module
"C:/Users/Pc/Documents/VHDL/ethernet/implementation/ethernet_microblaze_0_i_bram
_ctrl_wrapper.ngc"...
Loading design module
"C:/Users/Pc/Documents/VHDL/ethernet/implementation/ethernet_microblaze_0_d_bram
_ctrl_wrapper.ngc"...
Loading design module
"C:/Users/Pc/Documents/VHDL/ethernet/implementation/ethernet_debug_module_wrappe
r.ngc"...
Loading design module
"C:/Users/Pc/Documents/VHDL/ethernet/implementation/ethernet_axi_timer_0_wrapper
.ngc"...
Loading design module
"C:/Users/Pc/Documents/VHDL/ethernet/implementation/ethernet_i2c_wrapper.ngc"...
Loading design module
"C:/Users/Pc/Documents/VHDL/ethernet/implementation/ethernet_display16x2_wrapper
.ngc"...
Loading design module
"C:/Users/Pc/Documents/VHDL/ethernet/implementation/ethernet_axi_timer_1_wrapper
.ngc"...
Loading design module
"C:/Users/Pc/Documents/VHDL/ethernet/implementation/ethernet_microblaze_0_bram_b
lock_wrapper.ngc"...
Applying constraints in
"C:/Users/Pc/Documents/VHDL/ethernet/implementation/ethernet_ethernet_mac_wrappe
r.ncf" to module "Ethernet_MAC"...
WARNING:ConstraintSystem - The Offset constraint <OFFSET = IN 6.000 BEFORE 
   "PHY_rx_clk";>
   [C:/Users/Pc/Documents/VHDL/ethernet/implementation/ethernet_ethernet_mac_wra
   pper.ncf(4)], is specified without a duration.  This will result in a lack of
   hold time checks in timing reports.  If hold time checks are desired a
   duration value should be specified following the 'VALID' keyword.

Checking Constraint Associations...
Applying constraints in
"C:/Users/Pc/Documents/VHDL/ethernet/implementation/ethernet_microblaze_0_ilmb_w
rapper.ncf" to module "microblaze_0_ilmb"...
Checking Constraint Associations...
Applying constraints in
"C:/Users/Pc/Documents/VHDL/ethernet/implementation/ethernet_microblaze_0_dlmb_w
rapper.ncf" to module "microblaze_0_dlmb"...
Checking Constraint Associations...
Applying constraints in
"C:/Users/Pc/Documents/VHDL/ethernet/implementation/ethernet_mcb3_lpddr_wrapper.
ncf" to module "MCB3_LPDDR"...
Checking Constraint Associations...
Applying constraints in
"C:/Users/Pc/Documents/VHDL/ethernet/implementation/ethernet_axi4lite_0_wrapper.
ncf" to module "axi4lite_0"...
Checking Constraint Associations...
Applying constraints in
"C:/Users/Pc/Documents/VHDL/ethernet/implementation/ethernet_axi4_0_wrapper.ncf"
to module "axi4_0"...
Checking Constraint Associations...
Applying constraints in
"C:/Users/Pc/Documents/VHDL/ethernet/implementation/ethernet_microblaze_0_wrappe
r.ncf" to module "microblaze_0"...
Checking Constraint Associations...
Applying constraints in
"C:/Users/Pc/Documents/VHDL/ethernet/implementation/ethernet_microblaze_0_intc_w
rapper.ncf" to module "microblaze_0_intc"...
Checking Constraint Associations...
Gathering constraint information from source properties...
Done.

Annotating constraints to design from ucf file "ethernet.ucf" ...
Resolving constraint associations...
Checking Constraint Associations...
WARNING:ConstraintSystem:135 - Constraint <INST
   /ethernet/EXPANDED/ethernet/axi4_0/axi4_0\/si_converter_bank\/gen_conv_slot[0
   ].clock_conv_inst\/interconnect_aresetn_resync<2>_inv1_INV_0 TNM =
   FFS:axi4_0_reset_resync>: No instances of type FFS were found under block
   "axi4_0/axi4_0/si_converter_bank/gen_conv_slot[0].clock_conv_inst/interconnec
   t_aresetn_resync<2>_inv1_INV_0" (type=INV).

WARNING:ConstraintSystem:135 - Constraint <INST
   /ethernet/EXPANDED/ethernet/axi4lite_0/axi4lite_0\/si_converter_bank\/gen_con
   v_slot[0].clock_conv_inst\/interconnect_aresetn_resync<2>_inv1_INV_0 TNM =
   FFS:axi4lite_0_reset_resync>: No instances of type FFS were found under block
   "axi4lite_0/axi4lite_0/si_converter_bank/gen_conv_slot[0].clock_conv_inst/int
   erconnect_aresetn_resync<2>_inv1_INV_0" (type=INV).

WARNING:ConstraintSystem:58 - Constraint <TIMEGRP axi4lite_0_reset_source = FFS
   PADS CPUS;>: CPUS "*" does not match any design objects.

WARNING:ConstraintSystem:58 - Constraint <TIMEGRP axi4_0_reset_source = FFS PADS
   CPUS;>: CPUS "*" does not match any design objects.

WARNING:ConstraintSystem:194 - The TNM 'axi4_0_reset_resync', does not directly
   or indirectly drive any flip-flops, latches and/or RAMs and is not actively
   used by any referencing constraint.

WARNING:ConstraintSystem:194 - The TNM 'axi4lite_0_reset_resync', does not
   directly or indirectly drive any flip-flops, latches and/or RAMs and is not
   actively used by any referencing constraint.

INFO:ConstraintSystem:178 - TNM 'sys_clk_pin', used in period specification
   'TS_sys_clk_pin', was traced into PLL_ADV instance
   clock_generator_0/PLL0_INST/Using_PLL_ADV.PLL_ADV_inst. The following new TNM
   groups and period specifications were generated at the PLL_ADV output(s): 
   CLKOUT1: <TIMESPEC TS_clk_400_0000MHz180PLL0_nobuf = PERIOD
   "clk_400_0000MHz180PLL0_nobuf" TS_sys_clk_pin * 6 PHASE 1.2500125 ns HIGH
   50%>

INFO:ConstraintSystem:178 - TNM 'sys_clk_pin', used in period specification
   'TS_sys_clk_pin', was traced into PLL_ADV instance
   clock_generator_0/PLL0_INST/Using_PLL_ADV.PLL_ADV_inst. The following new TNM
   groups and period specifications were generated at the PLL_ADV output(s): 
   CLKOUT0: <TIMESPEC TS_clk_400_0000MHzPLL0_nobuf = PERIOD
   "clk_400_0000MHzPLL0_nobuf" TS_sys_clk_pin * 6 HIGH 50%>

INFO:ConstraintSystem:178 - TNM 'sys_clk_pin', used in period specification
   'TS_sys_clk_pin', was traced into PLL_ADV instance
   clock_generator_0/PLL0_INST/Using_PLL_ADV.PLL_ADV_inst. The following new TNM
   groups and period specifications were generated at the PLL_ADV output(s): 
   CLKOUT2: <TIMESPEC TS_clock_generator_0_clock_generator_0_SIG_PLL0_CLKOUT2 =
   PERIOD "clock_generator_0_clock_generator_0_SIG_PLL0_CLKOUT2" TS_sys_clk_pin
   HIGH 50%>

WARNING:ConstraintSystem - The Offset constraint <OFFSET = IN 6000.000000000 pS
   BEFORE Ethernet_MAC/PHY_rx_clk;>, is specified without a duration.  This will
   result in a lack of hold time checks in timing reports.  If hold time checks
   are desired a duration value should be specified following the 'VALID'
   keyword.

WARNING:NgdBuild:1012 - The constraint <CONFIG VCCAUX = "2.5"> is overridden on
   the design object ethernet by the constraint <CONFIG VCCAUX = "3.3" ;>
   [ethernet.ucf(59)].
Done...

Processing BMM file "ethernet.bmm" ...

WARNING:NgdBuild:1440 - User specified non-default attribute value (15) was
   detected for the CLKIN1_PERIOD attribute on PLL
   "clock_generator_0/PLL0_INST/Using_PLL_ADV.PLL_ADV_inst".  This does not
   match the PERIOD constraint value (66666 KHz.).  The uncertainty calculation
   will use the PERIOD constraint value.  This could result in incorrect
   uncertainty calculated for PLL output clocks.
Checking expanded design ...
WARNING:NgdBuild:443 - SFF primitive
   'Ethernet_MAC/Ethernet_MAC/XEMAC_I/EMAC_I/COLLISION_SYNC_2' has unconnected
   output pin
WARNING:NgdBuild:443 - SFF primitive
   'I2C/I2C/X_IIC/X_AXI_IPIF_SSP1/X_SOFT_RESET/FF_WRACK' has unconnected output
   pin
WARNING:NgdBuild:452 - logical net 'N31' has no driver
WARNING:NgdBuild:452 - logical net 'N32' has no driver
WARNING:NgdBuild:452 - logical net 'N33' has no driver
WARNING:NgdBuild:452 - logical net 'N34' has no driver
WARNING:NgdBuild:452 - logical net 'N35' has no driver
WARNING:NgdBuild:452 - logical net 'N36' has no driver
WARNING:NgdBuild:452 - logical net 'N37' has no driver
WARNING:NgdBuild:452 - logical net 'N38' has no driver
WARNING:NgdBuild:452 - logical net 'N39' has no driver
WARNING:NgdBuild:452 - logical net 'N40' has no driver
WARNING:NgdBuild:452 - logical net 'N41' has no driver
WARNING:NgdBuild:452 - logical net 'N42' has no driver
WARNING:NgdBuild:452 - logical net 'N43' has no driver
WARNING:NgdBuild:452 - logical net 'N44' has no driver
WARNING:NgdBuild:452 - logical net 'N45' has no driver
WARNING:NgdBuild:452 - logical net 'N46' has no driver
WARNING:NgdBuild:452 - logical net 'N54' has no driver
WARNING:NgdBuild:452 - logical net 'N55' has no driver
WARNING:NgdBuild:452 - logical net 'N56' has no driver

Partition Implementation Status
-------------------------------

  No Partitions were found in this design.

-------------------------------

NGDBUILD Design Results Summary:
  Number of errors:     0
  Number of warnings:  31

Writing NGD file "ethernet.ngd" ...
Total REAL time to NGDBUILD completion: 1 min  4 sec
Total CPU time to NGDBUILD completion:  1 min  3 sec

Writing NGDBUILD log file "ethernet.bld"...

NGDBUILD done.



#----------------------------------------------#
# Starting program map
# map -o ethernet_map.ncd -w -pr b -ol high -timing -detail ethernet.ngd
ethernet.pcf 
#----------------------------------------------#
Release 14.7 - Map P.20131013 (nt64)
Copyright (c) 1995-2013 Xilinx, Inc.  All rights reserved.
PMSPEC -- Overriding Xilinx file
<C:/Xilinx/14.7/ISE_DS/EDK/data/Xdh_PrimTypeLib.xda> with local file
<C:/Xilinx/14.7/ISE_DS/ISE/data/Xdh_PrimTypeLib.xda>
Using target part "6slx9csg324-2".
Mapping design into LUTs...
WARNING:MapLib:701 - Signal Ethernet_MAC_COL connected to top level port
   Ethernet_MAC_COL has been removed.
Writing file ethernet_map.ngm...
Running directed packing...
Running delay-based LUT packing...
Updating timing models...
WARNING:Timing:3223 - Timing constraint PATH "TS_TIG_MCB3_LPDDR_CALIB_DONE_SYNCH_path" TIG ignored during timing analysis.
INFO:Map:215 - The Interim Design Summary has been generated in the MAP Report
   (.mrp).
Running timing-driven placement...
Total REAL time at the beginning of Placer: 25 secs 
Total CPU  time at the beginning of Placer: 24 secs 

Phase 1.1  Initial Placement Analysis
Phase 1.1  Initial Placement Analysis (Checksum:d2d1171f) REAL time: 28 secs 

Phase 2.7  Design Feasibility Check
Phase 2.7  Design Feasibility Check (Checksum:d2d1171f) REAL time: 28 secs 

Phase 3.31  Local Placement Optimization
Phase 3.31  Local Placement Optimization (Checksum:c6cffe3f) REAL time: 28 secs 

Phase 4.2  Initial Placement for Architecture Specific Features

Phase 4.2  Initial Placement for Architecture Specific Features
(Checksum:b94484a0) REAL time: 41 secs 

Phase 5.36  Local Placement Optimization
Phase 5.36  Local Placement Optimization (Checksum:b94484a0) REAL time: 41 secs 

Phase 6.30  Global Clock Region Assignment
Phase 6.30  Global Clock Region Assignment (Checksum:b94484a0) REAL time: 41 secs 

Phase 7.3  Local Placement Optimization
Phase 7.3  Local Placement Optimization (Checksum:b94484a0) REAL time: 41 secs 

Phase 8.5  Local Placement Optimization
Phase 8.5  Local Placement Optimization (Checksum:b94484a0) REAL time: 41 secs 

Phase 9.8  Global Placement
.........................
.............................................................................................................
..................................................................................................................................................
..........................................................................................................................
...............................................
Phase 9.8  Global Placement (Checksum:5cb43da8) REAL time: 2 mins 32 secs 

Phase 10.5  Local Placement Optimization
Phase 10.5  Local Placement Optimization (Checksum:5cb43da8) REAL time: 2 mins 33 secs 

Phase 11.18  Placement Optimization
Phase 11.18  Placement Optimization (Checksum:4d0934a1) REAL time: 3 mins 4 secs 

Phase 12.5  Local Placement Optimization
Phase 12.5  Local Placement Optimization (Checksum:4d0934a1) REAL time: 3 mins 4 secs 

Phase 13.34  Placement Validation
Phase 13.34  Placement Validation (Checksum:aa25b038) REAL time: 3 mins 4 secs 

Total REAL time to Placer completion: 3 mins 5 secs 
Total CPU  time to Placer completion: 3 mins 3 secs 
Running post-placement packing...
Writing output files...

Design Summary:
Number of errors:      0
Number of warnings:    4
Slice Logic Utilization:
  Number of Slice Registers:                 3,779 out of  11,440   33%
    Number used as Flip Flops:               3,776
    Number used as Latches:                      0
    Number used as Latch-thrus:                  0
    Number used as AND/OR logics:                3
  Number of Slice LUTs:                      4,667 out of   5,720   81%
    Number used as logic:                    4,364 out of   5,720   76%
      Number using O6 output only:           3,270
      Number using O5 output only:              79
      Number using O5 and O6:                1,015
      Number used as ROM:                        0
    Number used as Memory:                     216 out of   1,440   15%
      Number used as Dual Port RAM:             72
        Number using O6 output only:             0
        Number using O5 output only:             1
        Number using O5 and O6:                 71
      Number used as Single Port RAM:            4
        Number using O6 output only:             4
        Number using O5 output only:             0
        Number using O5 and O6:                  0
      Number used as Shift Register:           140
        Number using O6 output only:            43
        Number using O5 output only:             1
        Number using O5 and O6:                 96
    Number used exclusively as route-thrus:     87
      Number with same-slice register load:     73
      Number with same-slice carry load:        12
      Number with other load:                    2

Slice Logic Distribution:
  Number of occupied Slices:                 1,427 out of   1,430   99%
  Number of MUXCYs used:                       932 out of   2,860   32%
  Number of LUT Flip Flop pairs used:        5,039
    Number with an unused Flip Flop:         1,602 out of   5,039   31%
    Number with an unused LUT:                 372 out of   5,039    7%
    Number of fully used LUT-FF pairs:       3,065 out of   5,039   60%
    Number of unique control sets:             349
    Number of slice register sites lost
      to control set restrictions:           1,425 out of  11,440   12%

  A LUT Flip Flop pair for this architecture represents one LUT paired with
  one Flip Flop within a slice.  A control set is a unique combination of
  clock, reset, set, and enable signals for a registered element.
  The Slice Logic Distribution report is not meaningful if the design is
  over-mapped for a non-slice resource or if Placement fails.

IO Utilization:
  Number of bonded IOBs:                        72 out of     200   36%
    Number of LOCed IOBs:                       72 out of      72  100%
    IOB Flip Flops:                             18

Specific Feature Utilization:
  Number of RAMB16BWERs:                        26 out of      32   81%
  Number of RAMB8BWERs:                          0 out of      64    0%
  Number of BUFIO2/BUFIO2_2CLKs:                 1 out of      32    3%
    Number used as BUFIO2s:                      1
    Number used as BUFIO2_2CLKs:                 0
  Number of BUFIO2FB/BUFIO2FB_2CLKs:             0 out of      32    0%
  Number of BUFG/BUFGMUXs:                       2 out of      16   12%
    Number used as BUFGs:                        2
    Number used as BUFGMUX:                      0
  Number of DCM/DCM_CLKGENs:                     0 out of       4    0%
  Number of ILOGIC2/ISERDES2s:                  10 out of     200    5%
    Number used as ILOGIC2s:                    10
    Number used as ISERDES2s:                    0
  Number of IODELAY2/IODRP2/IODRP2_MCBs:        23 out of     200   11%
    Number used as IODELAY2s:                    0
    Number used as IODRP2s:                      1
    Number used as IODRP2_MCBs:                 22
  Number of OLOGIC2/OSERDES2s:                  50 out of     200   25%
    Number used as OLOGIC2s:                     7
    Number used as OSERDES2s:                   43
  Number of BSCANs:                              1 out of       4   25%
  Number of BUFHs:                               0 out of     128    0%
  Number of BUFPLLs:                             0 out of       8    0%
  Number of BUFPLL_MCBs:                         1 out of       4   25%
  Number of DSP48A1s:                            3 out of      16   18%
  Number of ICAPs:                               0 out of       1    0%
  Number of MCBs:                                1 out of       2   50%
  Number of PCILOGICSEs:                         0 out of       2    0%
  Number of PLL_ADVs:                            1 out of       2   50%
  Number of PMVs:                                0 out of       1    0%
  Number of STARTUPs:                            0 out of       1    0%
  Number of SUSPEND_SYNCs:                       0 out of       1    0%

Average Fanout of Non-Clock Nets:                3.92

Peak Memory Usage:  587 MB
Total REAL time to MAP completion:  3 mins 11 secs 
Total CPU time to MAP completion:   3 mins 8 secs 

Mapping completed.
See MAP report file "ethernet_map.mrp" for details.



#----------------------------------------------#
# Starting program par
# par -w -ol high ethernet_map.ncd ethernet.ncd ethernet.pcf 
#----------------------------------------------#
Release 14.7 - par P.20131013 (nt64)
Copyright (c) 1995-2013 Xilinx, Inc.  All rights reserved.
PMSPEC -- Overriding Xilinx file <C:/Xilinx/14.7/ISE_DS/EDK/data/parBmgr.acd> with local file
<C:/Xilinx/14.7/ISE_DS/ISE/data/parBmgr.acd>



Constraints file: ethernet.pcf.
Loading device for application Rf_Device from file '6slx9.nph' in environment
C:\Xilinx\14.7\ISE_DS\ISE\;C:\Xilinx\14.7\ISE_DS\EDK.
   "ethernet" is an NCD, version 3.2, device xc6slx9, package csg324, speed -2
WARNING:ConstraintSystem - The Offset constraint <OFFSET = IN 6 ns BEFORE COMP "Ethernet_MAC_RX_CLK";>
   [ethernet.pcf(14999)], is specified without a duration.  This will result in a lack of hold time checks in timing
   reports.  If hold time checks are desired a duration value should be specified following the 'VALID' keyword.


Initializing temperature to 85.000 Celsius. (default - Range: 0.000 to 85.000 Celsius)
Initializing voltage to 1.140 Volts. (default - Range: 1.140 to 1.260 Volts)


Device speed data version:  "PRODUCTION 1.23 2013-10-13".



Device Utilization Summary:

Slice Logic Utilization:
  Number of Slice Registers:                 3,779 out of  11,440   33%
    Number used as Flip Flops:               3,776
    Number used as Latches:                      0
    Number used as Latch-thrus:                  0
    Number used as AND/OR logics:                3
  Number of Slice LUTs:                      4,667 out of   5,720   81%
    Number used as logic:                    4,364 out of   5,720   76%
      Number using O6 output only:           3,270
      Number using O5 output only:              79
      Number using O5 and O6:                1,015
      Number used as ROM:                        0
    Number used as Memory:                     216 out of   1,440   15%
      Number used as Dual Port RAM:             72
        Number using O6 output only:             0
        Number using O5 output only:             1
        Number using O5 and O6:                 71
      Number used as Single Port RAM:            4
        Number using O6 output only:             4
        Number using O5 output only:             0
        Number using O5 and O6:                  0
      Number used as Shift Register:           140
        Number using O6 output only:            43
        Number using O5 output only:             1
        Number using O5 and O6:                 96
    Number used exclusively as route-thrus:     87
      Number with same-slice register load:     73
      Number with same-slice carry load:        12
      Number with other load:                    2

Slice Logic Distribution:
  Number of occupied Slices:                 1,427 out of   1,430   99%
  Number of MUXCYs used:                       932 out of   2,860   32%
  Number of LUT Flip Flop pairs used:        5,039
    Number with an unused Flip Flop:         1,602 out of   5,039   31%
    Number with an unused LUT:                 372 out of   5,039    7%
    Number of fully used LUT-FF pairs:       3,065 out of   5,039   60%
    Number of slice register sites lost
      to control set restrictions:               0 out of  11,440    0%

  A LUT Flip Flop pair for this architecture represents one LUT paired with
  one Flip Flop within a slice.  A control set is a unique combination of
  clock, reset, set, and enable signals for a registered element.
  The Slice Logic Distribution report is not meaningful if the design is
  over-mapped for a non-slice resource or if Placement fails.

IO Utilization:
  Number of bonded IOBs:                        72 out of     200   36%
    Number of LOCed IOBs:                       72 out of      72  100%
    IOB Flip Flops:                             18

Specific Feature Utilization:
  Number of RAMB16BWERs:                        26 out of      32   81%
  Number of RAMB8BWERs:                          0 out of      64    0%
  Number of BUFIO2/BUFIO2_2CLKs:                 1 out of      32    3%
    Number used as BUFIO2s:                      1
    Number used as BUFIO2_2CLKs:                 0
  Number of BUFIO2FB/BUFIO2FB_2CLKs:             0 out of      32    0%
  Number of BUFG/BUFGMUXs:                       2 out of      16   12%
    Number used as BUFGs:                        2
    Number used as BUFGMUX:                      0
  Number of DCM/DCM_CLKGENs:                     0 out of       4    0%
  Number of ILOGIC2/ISERDES2s:                  10 out of     200    5%
    Number used as ILOGIC2s:                    10
    Number used as ISERDES2s:                    0
  Number of IODELAY2/IODRP2/IODRP2_MCBs:        23 out of     200   11%
    Number used as IODELAY2s:                    0
    Number used as IODRP2s:                      1
    Number used as IODRP2_MCBs:                 22
  Number of OLOGIC2/OSERDES2s:                  50 out of     200   25%
    Number used as OLOGIC2s:                     7
    Number used as OSERDES2s:                   43
  Number of BSCANs:                              1 out of       4   25%
  Number of BUFHs:                               0 out of     128    0%
  Number of BUFPLLs:                             0 out of       8    0%
  Number of BUFPLL_MCBs:                         1 out of       4   25%
  Number of DSP48A1s:                            3 out of      16   18%
  Number of ICAPs:                               0 out of       1    0%
  Number of MCBs:                                1 out of       2   50%
  Number of PCILOGICSEs:                         0 out of       2    0%
  Number of PLL_ADVs:                            1 out of       2   50%
  Number of PMVs:                                0 out of       1    0%
  Number of STARTUPs:                            0 out of       1    0%
  Number of SUSPEND_SYNCs:                       0 out of       1    0%


Overall effort level (-ol):   High 
Router effort level (-rl):    High 

WARNING:Timing:3223 - Timing constraint PATH "TS_TIG_MCB3_LPDDR_CALIB_DONE_SYNCH_path" TIG; ignored during timing analysis.
INFO:Timing:3386 - Intersecting Constraints found and resolved.  For more information, see the TSI report.  Please consult the Xilinx
   Command Line Tools User Guide for information on generating a TSI report.
Starting initial Timing Analysis.  REAL time: 13 secs 
Finished initial Timing Analysis.  REAL time: 13 secs 

WARNING:Par:288 - The signal
   Ethernet_MAC/Ethernet_MAC/XEMAC_I/EMAC_I/RX/INST_RX_INTRFCE/I_RX_FIFO/LEGACY_COREGEN_DEPTH.V6_S6_AND_LATER.I_ASYNC_FIFO_BRAM/U0/xst_fifo_
   generator/gconvfifo.rf/grf.rf/gntv_or_sync_fifo.mem/gdm.dm/Mram_RAM_RAMD_D1_O has no load.  PAR will not attempt to route this signal.
WARNING:Par:288 - The signal
   Ethernet_MAC/Ethernet_MAC/XEMAC_I/EMAC_I/TX/INST_TX_INTRFCE/I_TX_FIFO/LEGACY_COREGEN_DEPTH.V6_S6_AND_LATER.I_ASYNC_FIFO_BRAM/U0/xst_fifo_
   generator/gconvfifo.rf/grf.rf/gntv_or_sync_fifo.mem/gdm.dm/Mram_RAM_RAMD_D1_O has no load.  PAR will not attempt to route this signal.
Starting Router


Phase  1  : 32011 unrouted;      REAL time: 14 secs 

Phase  2  : 27195 unrouted;      REAL time: 15 secs 

Phase  3  : 13296 unrouted;      REAL time: 24 secs 

Phase  4  : 13296 unrouted; (Setup:0, Hold:2308, Component Switching Limit:0)     REAL time: 25 secs 

Updating file: ethernet.ncd with current fully routed design.

Phase  5  : 0 unrouted; (Setup:0, Hold:1463, Component Switching Limit:0)     REAL time: 49 secs 

Phase  6  : 0 unrouted; (Setup:0, Hold:1463, Component Switching Limit:0)     REAL time: 49 secs 

Phase  7  : 0 unrouted; (Setup:0, Hold:1463, Component Switching Limit:0)     REAL time: 49 secs 

Phase  8  : 0 unrouted; (Setup:0, Hold:1463, Component Switching Limit:0)     REAL time: 49 secs 

Phase  9  : 0 unrouted; (Setup:0, Hold:0, Component Switching Limit:0)     REAL time: 50 secs 

Phase 10  : 0 unrouted; (Setup:0, Hold:0, Component Switching Limit:0)     REAL time: 51 secs 
Total REAL time to Router completion: 51 secs 
Total CPU time to Router completion: 50 secs 

Partition Implementation Status
-------------------------------

  No Partitions were found in this design.

-------------------------------

Generating "PAR" statistics.

**************************
Generating Clock Report
**************************

+---------------------+--------------+------+------+------------+-------------+
|        Clock Net    |   Resource   |Locked|Fanout|Net Skew(ns)|Max Delay(ns)|
+---------------------+--------------+------+------+------------+-------------+
|  clk_66_6667MHzPLL0 |  BUFGMUX_X2Y3| No   | 1366 |  0.752     |  2.143      |
+---------------------+--------------+------+------+------------+-------------+
|microblaze_0_debug_D |              |      |      |            |             |
|              bg_Clk | BUFGMUX_X3Y13| No   |   53 |  0.094     |  1.495      |
+---------------------+--------------+------+------+------------+-------------+
|Ethernet_MAC_IP2INTC |              |      |      |            |             |
|               _Irpt |         Local|      |    1 |  0.000     |  0.831      |
+---------------------+--------------+------+------+------------+-------------+
|Ethernet_MAC/Etherne |              |      |      |            |             |
|  t_MAC/phy_tx_clk_i |         Local|      |   19 |  1.700     |  2.671      |
+---------------------+--------------+------+------+------------+-------------+
|Ethernet_MAC_RX_CLK_ |              |      |      |            |             |
|                IBUF |         Local|      |   17 |  0.605     |  4.189      |
+---------------------+--------------+------+------+------------+-------------+
|microblaze_0_debug_D |              |      |      |            |             |
|           bg_Update |         Local|      |   19 |  4.022     |  5.045      |
+---------------------+--------------+------+------+------------+-------------+
|  USB_Uart_Interrupt |         Local|      |    1 |  0.000     |  1.597      |
+---------------------+--------------+------+------+------------+-------------+
|MCB3_LPDDR/sysclk_2x |              |      |      |            |             |
|           _bufpll_o |         Local|      |   31 |  0.704     |  1.620      |
+---------------------+--------------+------+------+------------+-------------+
|MCB3_LPDDR/sysclk_2x |              |      |      |            |             |
|       _180_bufpll_o |         Local|      |   37 |  0.723     |  1.639      |
+---------------------+--------------+------+------+------------+-------------+
|MCB3_LPDDR/MCB3_LPDD |              |      |      |            |             |
|R/mcb_ui_top_0/mcb_r |              |      |      |            |             |
|aw_wrapper_inst/ioi_ |              |      |      |            |             |
|             drp_clk |         Local|      |   22 |  0.000     |  0.002      |
+---------------------+--------------+------+------+------------+-------------+
|MCB3_LPDDR/MCB3_LPDD |              |      |      |            |             |
|R/mcb_ui_top_0/mcb_r |              |      |      |            |             |
|aw_wrapper_inst/idel |              |      |      |            |             |
|        ay_dqs_ioi_s |         Local|      |    1 |  0.000     |  0.002      |
+---------------------+--------------+------+------+------------+-------------+
|MCB3_LPDDR/MCB3_LPDD |              |      |      |            |             |
|R/mcb_ui_top_0/mcb_r |              |      |      |            |             |
|aw_wrapper_inst/idel |              |      |      |            |             |
|        ay_dqs_ioi_m |         Local|      |    1 |  0.000     |  0.002      |
+---------------------+--------------+------+------+------------+-------------+
|MCB3_LPDDR/MCB3_LPDD |              |      |      |            |             |
|R/mcb_ui_top_0/mcb_r |              |      |      |            |             |
|aw_wrapper_inst/idel |              |      |      |            |             |
|       ay_udqs_ioi_s |         Local|      |    1 |  0.000     |  0.002      |
+---------------------+--------------+------+------+------------+-------------+
|MCB3_LPDDR/MCB3_LPDD |              |      |      |            |             |
|R/mcb_ui_top_0/mcb_r |              |      |      |            |             |
|aw_wrapper_inst/idel |              |      |      |            |             |
|       ay_udqs_ioi_m |         Local|      |    1 |  0.000     |  0.002      |
+---------------------+--------------+------+------+------------+-------------+

* Net Skew is the difference between the minimum and maximum routing
only delays for the net. Note this is different from Clock Skew which
is reported in TRCE timing report. Clock Skew is the difference between
the minimum and maximum path delays which includes logic delays.

* The fanout is the number of component pins not the individual BEL loads,
for example SLICE loads not FF loads.

Timing Score: 0 (Setup: 0, Hold: 0, Component Switching Limit: 0)

Number of Timing Constraints that were not applied: 4

Asterisk (*) preceding a constraint indicates it was not met.
   This may be due to a setup or hold violation.

----------------------------------------------------------------------------------------------------------
  Constraint                                |    Check    | Worst Case |  Best Case | Timing |   Timing   
                                            |             |    Slack   | Achievable | Errors |    Score   
----------------------------------------------------------------------------------------------------------
  TS_clk_400_0000MHz180PLL0_nobuf = PERIOD  | MINPERIOD   |     0.901ns|     1.599ns|       0|           0
  TIMEGRP         "clk_400_0000MHz180PLL0_n |             |            |            |        |            
  obuf" TS_sys_clk_pin * 6 PHASE 1.2500125  |             |            |            |        |            
  ns         HIGH 50%                       |             |            |            |        |            
----------------------------------------------------------------------------------------------------------
  TS_clk_400_0000MHzPLL0_nobuf = PERIOD TIM | MINPERIOD   |     0.901ns|     1.599ns|       0|           0
  EGRP "clk_400_0000MHzPLL0_nobuf"          |             |            |            |        |            
  TS_sys_clk_pin * 6 HIGH 50%               |             |            |            |        |            
----------------------------------------------------------------------------------------------------------
  TS_sys_clk_pin = PERIOD TIMEGRP "sys_clk_ | MINLOWPULSE |    10.000ns|     5.000ns|       0|           0
  pin" 66.666 MHz HIGH 50%                  |             |            |            |        |            
----------------------------------------------------------------------------------------------------------
  TS_clock_generator_0_clock_generator_0_SI | SETUP       |     1.871ns|    13.129ns|       0|           0
  G_PLL0_CLKOUT2 = PERIOD TIMEGRP         " | HOLD        |     0.297ns|            |       0|           0
  clock_generator_0_clock_generator_0_SIG_P |             |            |            |        |            
  LL0_CLKOUT2" TS_sys_clk_pin         HIGH  |             |            |            |        |            
  50%                                       |             |            |            |        |            
----------------------------------------------------------------------------------------------------------
  NET "Ethernet_MAC/Ethernet_MAC/phy_tx_clk | NETSKEW     |     4.202ns|     1.798ns|       0|           0
  _i" MAXSKEW = 6 ns                        |             |            |            |        |            
----------------------------------------------------------------------------------------------------------
  NET "Ethernet_MAC_RX_CLK_IBUF" MAXSKEW =  | NETSKEW     |     5.150ns|     0.850ns|       0|           0
  6 ns                                      |             |            |            |        |            
----------------------------------------------------------------------------------------------------------
  TSTXOUT_Ethernet_MAC = MAXDELAY FROM TIME | MAXDELAY    |     5.889ns|     4.111ns|       0|           0
  GRP "TXCLK_GRP_Ethernet_MAC" TO         T |             |            |            |        |            
  IMEGRP "PADS" 10 ns                       |             |            |            |        |            
----------------------------------------------------------------------------------------------------------
  OFFSET = IN 6 ns BEFORE COMP "Ethernet_MA | SETUP       |     6.566ns|    -0.566ns|       0|           0
  C_RX_CLK"                                 |             |            |            |        |            
----------------------------------------------------------------------------------------------------------
  NET "Ethernet_MAC/Ethernet_MAC/phy_tx_clk | SETUP       |     8.829ns|    14.774ns|       0|           0
  _i" PERIOD = 40 ns HIGH 14 ns             | HOLD        |     0.268ns|            |       0|           0
----------------------------------------------------------------------------------------------------------
  NET "Ethernet_MAC_RX_CLK_IBUF" PERIOD = 4 | SETUP       |    10.749ns|     9.288ns|       0|           0
  0 ns HIGH 14 ns                           | HOLD        |     0.382ns|            |       0|           0
----------------------------------------------------------------------------------------------------------
  PATH "TS_axi4_0_reset_resync_path" TIG    | MAXDELAY    |         N/A|     6.452ns|     N/A|           0
----------------------------------------------------------------------------------------------------------
  PATH "TS_axi4lite_0_reset_resync_path" TI | MAXDELAY    |         N/A|     6.413ns|     N/A|           0
  G                                         |             |            |            |        |            
----------------------------------------------------------------------------------------------------------
  PATH "TS_TIG_MCB3_LPDDR_CALIB_DONE_SYNCH_ | N/A         |         N/A|         N/A|     N/A|         N/A
  path" TIG                                 |             |            |            |        |            
----------------------------------------------------------------------------------------------------------
  PATH "TS_TIG_MCB3_LPDDR_SYS_RST_SYNCH_pat | SETUP       |         N/A|     2.192ns|     N/A|           0
  h" TIG                                    |             |            |            |        |            
----------------------------------------------------------------------------------------------------------
  PATH "TS_TIG_microblaze_0_dlmb_POR_FF_I_p | SETUP       |         N/A|     3.452ns|     N/A|           0
  ath" TIG                                  |             |            |            |        |            
----------------------------------------------------------------------------------------------------------
  PATH "TS_TIG_microblaze_0_ilmb_POR_FF_I_p | SETUP       |         N/A|     3.439ns|     N/A|           0
  ath" TIG                                  |             |            |            |        |            
----------------------------------------------------------------------------------------------------------
  PATH "TS_TIG_microblaze_0_Interrupt_path" | SETUP       |         N/A|     2.864ns|     N/A|           0
   TIG                                      |             |            |            |        |            
----------------------------------------------------------------------------------------------------------
  PATH "TS_AXI_TX_FP_Ethernet_MAC_path" TIG | SETUP       |         N/A|     9.202ns|     N/A|           0
----------------------------------------------------------------------------------------------------------
  PATH "TS_TX_AXI_FP_Ethernet_MAC_path" TIG | SETUP       |         N/A|     5.285ns|     N/A|           0
----------------------------------------------------------------------------------------------------------
  PATH "TS_AXI_RX_FP_Ethernet_MAC_path" TIG | SETUP       |         N/A|     7.352ns|     N/A|           0
----------------------------------------------------------------------------------------------------------
  PATH "TS_RX_AXI_FP_Ethernet_MAC_path" TIG | SETUP       |         N/A|     3.078ns|     N/A|           0
----------------------------------------------------------------------------------------------------------
  PATH "TS_TIG_microblaze_0_Reset_path" TIG | SETUP       |         N/A|     2.809ns|     N/A|           0
----------------------------------------------------------------------------------------------------------
  PATH "TS_intr_sync_p1_microblaze_0_intc_p | SETUP       |         N/A|     0.865ns|     N/A|           0
  ath" TIG                                  |             |            |            |        |            
----------------------------------------------------------------------------------------------------------
  PATH "TS_sync_microblaze_0_intc_path" TIG | SETUP       |         N/A|     9.433ns|     N/A|           0
----------------------------------------------------------------------------------------------------------


Derived Constraint Report
Review Timing Report for more details on the following derived constraints.
To create a Timing Report, run "trce -v 12 -fastpaths -o design_timing_report design.ncd design.pcf"
or "Run Timing Analysis" from Timing Analyzer (timingan).
Derived Constraints for TS_sys_clk_pin
+-------------------------------+-------------+-------------+-------------+-------------+-------------+-------------+-------------+
|                               |   Period    |       Actual Period       |      Timing Errors        |      Paths Analyzed       |
|           Constraint          | Requirement |-------------+-------------|-------------+-------------|-------------+-------------|
|                               |             |   Direct    | Derivative  |   Direct    | Derivative  |   Direct    | Derivative  |
+-------------------------------+-------------+-------------+-------------+-------------+-------------+-------------+-------------+
|TS_sys_clk_pin                 |     15.000ns|      5.000ns|     13.129ns|            0|            0|            0|       354011|
| TS_clock_generator_0_clock_gen|     15.000ns|     13.129ns|          N/A|            0|            0|       354011|            0|
| erator_0_SIG_PLL0_CLKOUT2     |             |             |             |             |             |             |             |
| TS_clk_400_0000MHzPLL0_nobuf  |      2.500ns|      1.599ns|          N/A|            0|            0|            0|            0|
| TS_clk_400_0000MHz180PLL0_nobu|      2.500ns|      1.599ns|          N/A|            0|            0|            0|            0|
| f                             |             |             |             |             |             |             |             |
+-------------------------------+-------------+-------------+-------------+-------------+-------------+-------------+-------------+

All constraints were met.
INFO:Timing:2761 - N/A entries in the Constraints List may indicate that the 
   constraint is not analyzed due to the following: No paths covered by this 
   constraint; Other constraints intersect with this constraint; or This 
   constraint was disabled by a Path Tracing Control. Please run the Timespec 
   Interaction Report (TSI) via command line (trce tsi) or Timing Analyzer GUI.


Generating Pad Report.

All signals are completely routed.

WARNING:Par:283 - There are 2 loadless signals in this design. This design will cause Bitgen to issue DRC warnings.

Total REAL time to PAR completion: 58 secs 
Total CPU time to PAR completion: 52 secs 

Peak Memory Usage:  506 MB

Placer: Placement generated during map.
Routing: Completed - No errors found.
Timing: Completed - No errors found.

Number of error messages: 0
Number of warning messages: 6
Number of info messages: 1

Writing design to file ethernet.ncd



PAR done!



#----------------------------------------------#
# Starting program post_par_trce
# trce -e 3 -xml ethernet.twx ethernet.ncd ethernet.pcf 
#----------------------------------------------#
Release 14.7 - Trace  (nt64)
Copyright (c) 1995-2013 Xilinx, Inc.  All rights reserved.


PMSPEC -- Overriding Xilinx file
<C:/Xilinx/14.7/ISE_DS/EDK/spartan6/data/spartan6.acd> with local file
<C:/Xilinx/14.7/ISE_DS/ISE/spartan6/data/spartan6.acd>
Loading device for application Rf_Device from file '6slx9.nph' in environment
C:\Xilinx\14.7\ISE_DS\ISE\;C:\Xilinx\14.7\ISE_DS\EDK.
   "ethernet" is an NCD, version 3.2, device xc6slx9, package csg324, speed -2
WARNING:ConstraintSystem - The Offset constraint <OFFSET = IN 6 ns BEFORE COMP
   "Ethernet_MAC_RX_CLK";> [ethernet.pcf(14999)], is specified without a
   duration.  This will result in a lack of hold time checks in timing reports. 
   If hold time checks are desired a duration value should be specified
   following the 'VALID' keyword.

WARNING:Timing:3223 - Timing constraint PATH
   "TS_TIG_MCB3_LPDDR_CALIB_DONE_SYNCH_path" TIG; ignored during timing
   analysis.
INFO:Timing:3386 - Intersecting Constraints found and resolved.  For more
   information, see the TSI report.  Please consult the Xilinx Command Line
   Tools User Guide for information on generating a TSI report.
--------------------------------------------------------------------------------
Release 14.7 Trace  (nt64)
Copyright (c) 1995-2013 Xilinx, Inc.  All rights reserved.

C:\Xilinx\14.7\ISE_DS\ISE\bin\nt64\unwrapped\trce.exe -e 3 -xml ethernet.twx
ethernet.ncd ethernet.pcf


Design file:              ethernet.ncd
Physical constraint file: ethernet.pcf
Device,speed:             xc6slx9,-2 (PRODUCTION 1.23 2013-10-13)
Report level:             error report
--------------------------------------------------------------------------------

INFO:Timing:3412 - To improve timing, see the Timing Closure User Guide (UG612).
INFO:Timing:2752 - To get complete path coverage, use the unconstrained paths option. All paths that are not constrained will be reported in
   the unconstrained paths section(s) of the report.
INFO:Timing:3339 - The clock-to-out numbers in this timing report are based on a 50 Ohm transmission line loading model.  For the details of
   this model, and for more information on accounting for different loading conditions, please see the device datasheet.


Timing summary:
---------------

Timing errors: 0  Score: 0 (Setup/Max: 0, Hold: 0)

Constraints cover 354557 paths, 2 nets, and 26988 connections

Design statistics:
   Minimum period:  14.774ns (Maximum frequency:  67.686MHz)
   Maximum path delay from/to any node:   4.111ns
   Maximum net skew:   1.798ns


Analysis completed Wed Nov 23 20:03:05 2016
--------------------------------------------------------------------------------

Generating Report ...

Number of warnings: 2
Number of info messages: 4
Total time: 14 secs 


